0 info it worked if it ends with ok
1 verbose cli [ '/usr/local/bin/node',
1 verbose cli   '/usr/local/bin/npm',
1 verbose cli   '-g',
1 verbose cli   'i',
1 verbose cli   'webpack' ]
2 info using npm@2.15.9
3 info using node@v4.6.0
4 verbose install initial load of /usr/local/lib/package.json
5 verbose readDependencies loading dependencies from /usr/local/lib/package.json
6 silly cache add args [ 'webpack', null ]
7 verbose cache add spec webpack
8 silly cache add parsed spec Result {
8 silly cache add   raw: 'webpack',
8 silly cache add   scope: null,
8 silly cache add   name: 'webpack',
8 silly cache add   rawSpec: '',
8 silly cache add   spec: 'latest',
8 silly cache add   type: 'tag' }
9 silly addNamed webpack@latest
10 verbose addNamed "latest" is being treated as a dist-tag for webpack
11 info addNameTag [ 'webpack', 'latest' ]
12 silly mapToRegistry name webpack
13 silly mapToRegistry using default registry
14 silly mapToRegistry registry https://registry.npmjs.org/
15 silly mapToRegistry data Result {
15 silly mapToRegistry   raw: 'webpack',
15 silly mapToRegistry   scope: null,
15 silly mapToRegistry   name: 'webpack',
15 silly mapToRegistry   rawSpec: '',
15 silly mapToRegistry   spec: 'latest',
15 silly mapToRegistry   type: 'tag' }
16 silly mapToRegistry uri https://registry.npmjs.org/webpack
17 verbose addNameTag registry:https://registry.npmjs.org/webpack not in flight; fetching
18 verbose request uri https://registry.npmjs.org/webpack
19 verbose request no auth needed
20 info attempt registry request try #1 at 10:33:19 AM
21 verbose request id 9f3c8620fc8d31b9
22 verbose etag W/"5885d3b9-dd024"
23 verbose lastModified Mon, 23 Jan 2017 09:58:17 GMT
24 http request GET https://registry.npmjs.org/webpack
25 http 304 https://registry.npmjs.org/webpack
26 verbose headers { date: 'Tue, 24 Jan 2017 09:33:20 GMT',
26 verbose headers   via: '1.1 varnish',
26 verbose headers   'cache-control': 'max-age=300',
26 verbose headers   etag: 'W/"5885d3b9-dd024"',
26 verbose headers   age: '218',
26 verbose headers   connection: 'keep-alive',
26 verbose headers   'x-served-by': 'cache-hhn1531-HHN',
26 verbose headers   'x-cache': 'HIT',
26 verbose headers   'x-cache-hits': '825',
26 verbose headers   'x-timer': 'S1485250400.085718,VS0,VE0',
26 verbose headers   vary: 'Accept-Encoding' }
27 silly get cb [ 304,
27 silly get   { date: 'Tue, 24 Jan 2017 09:33:20 GMT',
27 silly get     via: '1.1 varnish',
27 silly get     'cache-control': 'max-age=300',
27 silly get     etag: 'W/"5885d3b9-dd024"',
27 silly get     age: '218',
27 silly get     connection: 'keep-alive',
27 silly get     'x-served-by': 'cache-hhn1531-HHN',
27 silly get     'x-cache': 'HIT',
27 silly get     'x-cache-hits': '825',
27 silly get     'x-timer': 'S1485250400.085718,VS0,VE0',
27 silly get     vary: 'Accept-Encoding' } ]
28 verbose etag https://registry.npmjs.org/webpack from cache
29 verbose get saving webpack to /Users/guilhermedelucas/.npm/registry.npmjs.org/webpack/.cache.json
30 verbose correctMkdir /Users/guilhermedelucas/.npm correctMkdir not in flight; initializing
31 silly addNameTag next cb for webpack with tag latest
32 silly addNamed webpack@1.14.0
33 verbose addNamed "1.14.0" is a plain semver version for webpack
34 silly cache afterAdd webpack@1.14.0
35 verbose afterAdd /Users/guilhermedelucas/.npm/webpack/1.14.0/package/package.json not in flight; writing
36 verbose correctMkdir /Users/guilhermedelucas/.npm correctMkdir not in flight; initializing
37 verbose afterAdd /Users/guilhermedelucas/.npm/webpack/1.14.0/package/package.json written
38 silly install resolved [ { name: 'webpack',
38 silly install resolved     version: '1.14.0',
38 silly install resolved     author: { name: 'Tobias Koppers @sokra' },
38 silly install resolved     description: 'Packs CommonJs/AMD modules for the browser. Allows to split your codebase into multiple bundles, which can be loaded on demand. Support loaders to preprocess files, i.e. json, jade, coffee, css, less, ... and your custom stuff.',
38 silly install resolved     dependencies:
38 silly install resolved      { acorn: '^3.0.0',
38 silly install resolved        async: '^1.3.0',
38 silly install resolved        clone: '^1.0.2',
38 silly install resolved        'enhanced-resolve': '~0.9.0',
38 silly install resolved        interpret: '^0.6.4',
38 silly install resolved        'loader-utils': '^0.2.11',
38 silly install resolved        'memory-fs': '~0.3.0',
38 silly install resolved        mkdirp: '~0.5.0',
38 silly install resolved        'node-libs-browser': '^0.7.0',
38 silly install resolved        optimist: '~0.6.0',
38 silly install resolved        'supports-color': '^3.1.0',
38 silly install resolved        tapable: '~0.1.8',
38 silly install resolved        'uglify-js': '~2.7.3',
38 silly install resolved        watchpack: '^0.2.1',
38 silly install resolved        'webpack-core': '~0.6.9' },
38 silly install resolved     license: 'MIT',
38 silly install resolved     devDependencies:
38 silly install resolved      { benchmark: '^1.0.0',
38 silly install resolved        'bundle-loader': '~0.5.0',
38 silly install resolved        'codecov.io': '^0.1.2',
38 silly install resolved        'coffee-loader': '~0.7.1',
38 silly install resolved        'coffee-script': '^1.10.0',
38 silly install resolved        'component-webpack-plugin': '~0.2.0',
38 silly install resolved        coveralls: '^2.11.2',
38 silly install resolved        'css-loader': '~0.15.0',
38 silly install resolved        diff: '^2.0.2',
38 silly install resolved        eslint: '^1.1.0',
38 silly install resolved        'eslint-plugin-nodeca': '^1.0.3',
38 silly install resolved        express: '~4.13.1',
38 silly install resolved        'extract-text-webpack-plugin': '~0.8.0',
38 silly install resolved        'file-loader': '~0.8.0',
38 silly install resolved        glob: '^5.0.14',
38 silly install resolved        'i18n-webpack-plugin': '~0.2.0',
38 silly install resolved        istanbul: '^0.3.13',
38 silly install resolved        jade: '^1.11.0',
38 silly install resolved        'jade-loader': '~0.7.0',
38 silly install resolved        'js-beautify': '^1.5.10',
38 silly install resolved        'json-loader': '~0.5.1',
38 silly install resolved        less: '^2.5.1',
38 silly install resolved        'less-loader': '^2.0.0',
38 silly install resolved        mocha: '~2.2.0',
38 silly install resolved        'mocha-lcov-reporter': '0.0.2',
38 silly install resolved        'raw-loader': '~0.5.0',
38 silly install resolved        'script-loader': '~0.6.0',
38 silly install resolved        should: '^7.0.2',
38 silly install resolved        'style-loader': '~0.12.0',
38 silly install resolved        'url-loader': '~0.5.0',
38 silly install resolved        'val-loader': '~0.5.0',
38 silly install resolved        'vm-browserify': '~0.0.0',
38 silly install resolved        'webpack-dev-middleware': '^1.0.0',
38 silly install resolved        'worker-loader': '~0.6.0' },
38 silly install resolved     engines: { node: '>=0.6' },
38 silly install resolved     repository:
38 silly install resolved      { type: 'git',
38 silly install resolved        url: 'git+https://github.com/webpack/webpack.git' },
38 silly install resolved     homepage: 'https://github.com/webpack/webpack',
38 silly install resolved     main: 'lib/webpack.js',
38 silly install resolved     web: 'lib/webpack.web.js',
38 silly install resolved     bin: { webpack: './bin/webpack.js' },
38 silly install resolved     files: [ 'lib/', 'bin/', 'buildin/', 'hot/', 'web_modules/' ],
38 silly install resolved     scripts:
38 silly install resolved      { pretest: 'npm run lint && npm run beautify-lint',
38 silly install resolved        test: 'mocha',
38 silly install resolved        travis: 'npm run cover -- --report lcovonly',
38 silly install resolved        lint: 'eslint lib bin hot scripts',
38 silly install resolved        'beautify-lint': 'node ./scripts/beautify-check',
38 silly install resolved        beautify: 'node ./scripts/beautify-rewrite',
38 silly install resolved        precover: 'npm run lint && npm run beautify-lint',
38 silly install resolved        cover: 'istanbul cover -x **/*.runtime.js node_modules/mocha/bin/_mocha',
38 silly install resolved        'publish-patch': 'npm run lint && npm run beautify-lint && mocha && npm version patch && git push && git push --tags && npm publish' },
38 silly install resolved     gitHead: 'e666686d9029753c243db5880de44aba57151d76',
38 silly install resolved     bugs: { url: 'https://github.com/webpack/webpack/issues' },
38 silly install resolved     _id: 'webpack@1.14.0',
38 silly install resolved     _shasum: '54f1ffb92051a328a5b2057d6ae33c289462c823',
38 silly install resolved     _from: 'webpack@latest',
38 silly install resolved     _npmVersion: '3.10.8',
38 silly install resolved     _nodeVersion: '6.9.1',
38 silly install resolved     _npmUser: { name: 'sokra', email: 'tobias.koppers@googlemail.com' },
38 silly install resolved     dist:
38 silly install resolved      { shasum: '54f1ffb92051a328a5b2057d6ae33c289462c823',
38 silly install resolved        tarball: 'https://registry.npmjs.org/webpack/-/webpack-1.14.0.tgz' },
38 silly install resolved     maintainers: [ [Object], [Object], [Object] ],
38 silly install resolved     _npmOperationalInternal:
38 silly install resolved      { host: 'packages-12-west.internal.npmjs.com',
38 silly install resolved        tmp: 'tmp/webpack-1.14.0.tgz_1481098020552_0.20364108635112643' },
38 silly install resolved     directories: {},
38 silly install resolved     _resolved: 'https://registry.npmjs.org/webpack/-/webpack-1.14.0.tgz',
38 silly install resolved     readme: 'ERROR: No README data found!' } ]
39 info install webpack@1.14.0 into /usr/local/lib
40 info installOne webpack@1.14.0
41 verbose installOne of webpack to /usr/local/lib not in flight; installing
42 verbose correctMkdir /Users/guilhermedelucas/.npm/_locks correctMkdir not in flight; initializing
43 verbose lock using /Users/guilhermedelucas/.npm/_locks/webpack-865c90cad072eb35.lock for /usr/local/lib/node_modules/webpack
44 silly install write writing webpack 1.14.0 to /usr/local/lib/node_modules/webpack
45 verbose unbuild lib/node_modules/webpack
46 silly gentlyRm /usr/local/lib/node_modules/webpack is being purged from base /usr/local
47 verbose gentlyRm don't care about contents; nuking /usr/local/lib/node_modules/webpack
48 verbose tar unpack /Users/guilhermedelucas/.npm/webpack/1.14.0/package.tgz
49 verbose tar unpacking to /usr/local/lib/node_modules/webpack
50 silly gentlyRm /usr/local/lib/node_modules/webpack is being purged
51 verbose gentlyRm don't care about contents; nuking /usr/local/lib/node_modules/webpack
52 silly gunzTarPerm modes [ '755', '644' ]
53 error tar.unpack untar error /Users/guilhermedelucas/.npm/webpack/1.14.0/package.tgz
54 verbose unlock done using /Users/guilhermedelucas/.npm/_locks/webpack-865c90cad072eb35.lock for /usr/local/lib/node_modules/webpack
55 verbose fstream_path /usr/local/lib/node_modules/webpack
56 verbose fstream_type Directory
57 verbose fstream_class DirWriter
58 verbose stack Error: EACCES: permission denied, mkdir '/usr/local/lib/node_modules/webpack'
58 verbose stack     at Error (native)
59 verbose fstream_stack /usr/local/lib/node_modules/npm/node_modules/fstream/lib/dir-writer.js:35:25
59 verbose fstream_stack /usr/local/lib/node_modules/npm/node_modules/mkdirp/index.js:47:53
59 verbose fstream_stack FSReqWrap.oncomplete (fs.js:82:15)
60 verbose cwd /Users/guilhermedelucas/dev/spiced-final-project
61 error Darwin 16.3.0
62 error argv "/usr/local/bin/node" "/usr/local/bin/npm" "-g" "i" "webpack"
63 error node v4.6.0
64 error npm  v2.15.9
65 error path /usr/local/lib/node_modules/webpack
66 error code EACCES
67 error errno -13
68 error syscall mkdir
69 error Error: EACCES: permission denied, mkdir '/usr/local/lib/node_modules/webpack'
69 error     at Error (native)
69 error  { [Error: EACCES: permission denied, mkdir '/usr/local/lib/node_modules/webpack']
69 error   errno: -13,
69 error   code: 'EACCES',
69 error   syscall: 'mkdir',
69 error   path: '/usr/local/lib/node_modules/webpack',
69 error   fstream_type: 'Directory',
69 error   fstream_path: '/usr/local/lib/node_modules/webpack',
69 error   fstream_class: 'DirWriter',
69 error   fstream_stack:
69 error    [ '/usr/local/lib/node_modules/npm/node_modules/fstream/lib/dir-writer.js:35:25',
69 error      '/usr/local/lib/node_modules/npm/node_modules/mkdirp/index.js:47:53',
69 error      'FSReqWrap.oncomplete (fs.js:82:15)' ] }
70 error Please try running this command again as root/Administrator.
71 verbose exit [ -13, true ]
72 verbose unbuild lib/node_modules/webpack
73 silly gentlyRm /usr/local/lib/node_modules/webpack is being purged from base /usr/local
74 verbose gentlyRm don't care about contents; nuking /usr/local/lib/node_modules/webpack
